{
  "uid" : "3e7b2c67e30df5c7",
  "name" : "登录失败",
  "fullName" : "cases.test_loginfail.Test_Loginfail#test_loginfail",
  "historyId" : "3d1f0b6cffcd0489525db73c0191dca1",
  "time" : {
    "start" : 1622196312198,
    "stop" : 1622196326828,
    "duration" : 14630
  },
  "status" : "failed",
  "statusMessage" : "AssertionError: assert 'http://testi...er/login.html' == 'http://www.t...er/index.html'\n  - http://www.testingedu.com.cn:8000/index.php/Home/User/index.html\n  ?        ----                                      ^      ---\n  + http://testingedu.com.cn:8000/index.php/Home/user/login.html\n  ?                                              ^    +++",
  "statusTrace" : "self = <cases.test_loginfail.Test_Loginfail object at 0x7f95fc4953d0>\nlistcases = ['固定等待', 'sleep', 2]\n\n    @pytest.mark.parametrize('listcases', datas['loginfailPage'])\n    @allure.story(\"用户登陆\")\n    @pytest.mark.login\n    @pytest.mark.run(order=1)\n    def test_loginfail(self, listcases):\n        allure.dynamic.title(listcases['title'])  # 获取yaml中的title\n    \n        testcase = listcases['cases']\n        for cases in testcase:\n            listcases = list(cases.values())  # 获取字典列表值\n            with allure.step(listcases[0]):\n                func = getattr(self.web, listcases[1])\n                values = listcases[2:]\n                func(*values)\n            self.web.sleep(2)\n    \n        url = self.web.currentPageUrl()\n        print(\"当前页面的url是：\", url)\n>       assert url == \"http://www.testingedu.com.cn:8000/index.php/Home/User/index.html\"\nE       AssertionError: assert 'http://testi...er/login.html' == 'http://www.t...er/index.html'\nE         - http://www.testingedu.com.cn:8000/index.php/Home/User/index.html\nE         ?        ----                                      ^      ---\nE         + http://testingedu.com.cn:8000/index.php/Home/user/login.html\nE         ?                                              ^    +++\n\ncases/test_loginfail.py:42: AssertionError",
  "flaky" : false,
  "beforeStages" : [ {
    "name" : "xunit_setup_class_fixture_Test_Loginfail",
    "time" : {
      "start" : 1622196288776,
      "stop" : 1622196312193,
      "duration" : 23417
    },
    "status" : "passed",
    "steps" : [ ],
    "attachments" : [ ],
    "parameters" : [ ],
    "stepsCount" : 0,
    "attachmentsCount" : 0,
    "shouldDisplayMessage" : false,
    "hasContent" : false
  } ],
  "testStage" : {
    "status" : "failed",
    "statusMessage" : "AssertionError: assert 'http://testi...er/login.html' == 'http://www.t...er/index.html'\n  - http://www.testingedu.com.cn:8000/index.php/Home/User/index.html\n  ?        ----                                      ^      ---\n  + http://testingedu.com.cn:8000/index.php/Home/user/login.html\n  ?                                              ^    +++",
    "statusTrace" : "self = <cases.test_loginfail.Test_Loginfail object at 0x7f95fc4953d0>\nlistcases = ['固定等待', 'sleep', 2]\n\n    @pytest.mark.parametrize('listcases', datas['loginfailPage'])\n    @allure.story(\"用户登陆\")\n    @pytest.mark.login\n    @pytest.mark.run(order=1)\n    def test_loginfail(self, listcases):\n        allure.dynamic.title(listcases['title'])  # 获取yaml中的title\n    \n        testcase = listcases['cases']\n        for cases in testcase:\n            listcases = list(cases.values())  # 获取字典列表值\n            with allure.step(listcases[0]):\n                func = getattr(self.web, listcases[1])\n                values = listcases[2:]\n                func(*values)\n            self.web.sleep(2)\n    \n        url = self.web.currentPageUrl()\n        print(\"当前页面的url是：\", url)\n>       assert url == \"http://www.testingedu.com.cn:8000/index.php/Home/User/index.html\"\nE       AssertionError: assert 'http://testi...er/login.html' == 'http://www.t...er/index.html'\nE         - http://www.testingedu.com.cn:8000/index.php/Home/User/index.html\nE         ?        ----                                      ^      ---\nE         + http://testingedu.com.cn:8000/index.php/Home/user/login.html\nE         ?                                              ^    +++\n\ncases/test_loginfail.py:42: AssertionError",
    "steps" : [ {
      "name" : "打开登录页",
      "time" : {
        "start" : 1622196312198,
        "stop" : 1622196312494,
        "duration" : 296
      },
      "status" : "passed",
      "steps" : [ ],
      "attachments" : [ ],
      "parameters" : [ ],
      "stepsCount" : 0,
      "attachmentsCount" : 0,
      "shouldDisplayMessage" : false,
      "hasContent" : false
    }, {
      "name" : "输入用户名",
      "time" : {
        "start" : 1622196314496,
        "stop" : 1622196314582,
        "duration" : 86
      },
      "status" : "passed",
      "steps" : [ ],
      "attachments" : [ ],
      "parameters" : [ ],
      "stepsCount" : 0,
      "attachmentsCount" : 0,
      "shouldDisplayMessage" : false,
      "hasContent" : false
    }, {
      "name" : "输入密码",
      "time" : {
        "start" : 1622196316586,
        "stop" : 1622196316655,
        "duration" : 69
      },
      "status" : "passed",
      "steps" : [ ],
      "attachments" : [ ],
      "parameters" : [ ],
      "stepsCount" : 0,
      "attachmentsCount" : 0,
      "shouldDisplayMessage" : false,
      "hasContent" : false
    }, {
      "name" : "输入验证码",
      "time" : {
        "start" : 1622196318660,
        "stop" : 1622196318730,
        "duration" : 70
      },
      "status" : "passed",
      "steps" : [ ],
      "attachments" : [ ],
      "parameters" : [ ],
      "stepsCount" : 0,
      "attachmentsCount" : 0,
      "shouldDisplayMessage" : false,
      "hasContent" : false
    }, {
      "name" : "点击登录",
      "time" : {
        "start" : 1622196320732,
        "stop" : 1622196320798,
        "duration" : 66
      },
      "status" : "passed",
      "steps" : [ ],
      "attachments" : [ ],
      "parameters" : [ ],
      "stepsCount" : 0,
      "attachmentsCount" : 0,
      "shouldDisplayMessage" : false,
      "hasContent" : false
    }, {
      "name" : "固定等待",
      "time" : {
        "start" : 1622196322803,
        "stop" : 1622196324808,
        "duration" : 2005
      },
      "status" : "passed",
      "steps" : [ ],
      "attachments" : [ ],
      "parameters" : [ ],
      "stepsCount" : 0,
      "attachmentsCount" : 0,
      "shouldDisplayMessage" : false,
      "hasContent" : false
    } ],
    "attachments" : [ ],
    "parameters" : [ ],
    "stepsCount" : 6,
    "attachmentsCount" : 0,
    "shouldDisplayMessage" : true,
    "hasContent" : true
  },
  "afterStages" : [ {
    "name" : "xunit_setup_class_fixture_Test_Loginfail::0",
    "time" : {
      "start" : 1622196326918,
      "stop" : 1622196326918,
      "duration" : 0
    },
    "status" : "passed",
    "steps" : [ ],
    "attachments" : [ ],
    "parameters" : [ ],
    "stepsCount" : 0,
    "attachmentsCount" : 0,
    "shouldDisplayMessage" : false,
    "hasContent" : false
  } ],
  "labels" : [ {
    "name" : "feature",
    "value" : "用户登陆失败"
  }, {
    "name" : "story",
    "value" : "用户登陆"
  }, {
    "name" : "tag",
    "value" : "login"
  }, {
    "name" : "tag",
    "value" : "run(order=1)"
  }, {
    "name" : "parentSuite",
    "value" : "cases"
  }, {
    "name" : "suite",
    "value" : "test_loginfail"
  }, {
    "name" : "subSuite",
    "value" : "Test_Loginfail"
  }, {
    "name" : "host",
    "value" : "liuyuedeMacBook-Pro.local"
  }, {
    "name" : "thread",
    "value" : "35516-MainThread"
  }, {
    "name" : "framework",
    "value" : "pytest"
  }, {
    "name" : "language",
    "value" : "cpython3"
  }, {
    "name" : "package",
    "value" : "cases.test_loginfail"
  }, {
    "name" : "resultFormat",
    "value" : "allure2"
  } ],
  "parameters" : [ {
    "name" : "listcases",
    "value" : "{'title': '登录失败', 'cases': [{'name': '打开登录页', 'method': 'geturl', 'url': 'http://testingedu.com.cn:8000/index.php/Home/user/login.html'}, {'name': '输入用户名', 'method': 'input', 'locator': 'xpath=//*[@id=\"username\"]', 'value': 13800138006}, {'name': '输入密码', 'method': 'input', 'locator': 'xpath=//*[@id=\"password\"]', 'value': 123456555}, {'name': '输入验证码', 'method': 'input', 'locator': 'xpath=//*[@id=\"verify_code\"]', 'value': 111111}, {'name': '点击登录', 'method': 'click', 'locator': 'xpath=//*[@id=\"loginform\"]/div/div[6]/a'}, {'name': '固定等待', 'method': 'sleep', 'time': 2}]}"
  } ],
  "links" : [ ],
  "hidden" : true,
  "retry" : true,
  "extra" : {
    "categories" : [ ],
    "tags" : [ "run(order=1)", "login" ]
  },
  "source" : "3e7b2c67e30df5c7.json",
  "parameterValues" : [ "{'title': '登录失败', 'cases': [{'name': '打开登录页', 'method': 'geturl', 'url': 'http://testingedu.com.cn:8000/index.php/Home/user/login.html'}, {'name': '输入用户名', 'method': 'input', 'locator': 'xpath=//*[@id=\"username\"]', 'value': 13800138006}, {'name': '输入密码', 'method': 'input', 'locator': 'xpath=//*[@id=\"password\"]', 'value': 123456555}, {'name': '输入验证码', 'method': 'input', 'locator': 'xpath=//*[@id=\"verify_code\"]', 'value': 111111}, {'name': '点击登录', 'method': 'click', 'locator': 'xpath=//*[@id=\"loginform\"]/div/div[6]/a'}, {'name': '固定等待', 'method': 'sleep', 'time': 2}]}" ]
}